<?xml version="1.0" encoding="UTF-8"?>
<testsuite xmlns:xsi="http://www.w3.org/2001/XMLSchema-instance" xsi:noNamespaceSchemaLocation="https://maven.apache.org/surefire/maven-surefire-plugin/xsd/surefire-test-report-3.0.xsd" version="3.0" name="fi.tuni.prog3.junitattainment.AttainmentTest" time="0.031" tests="6" errors="0" skipped="0" failures="0">
  <properties>
[...]
</properties>
  <testcase name="whenExceptionThrown" classname="fi.tuni.prog3.junitattainment.AttainmentTest" time="0.009">
    <system-out><![CDATA[whenExceptionThrown
Invalid course code, student number or grade!
]]></system-out>
  </testcase>
  <testcase name="testGetGrade" classname="fi.tuni.prog3.junitattainment.AttainmentTest" time="0.001">
    <system-out><![CDATA[getGrade
]]></system-out>
  </testcase>
  <testcase name="testToString" classname="fi.tuni.prog3.junitattainment.AttainmentTest" time="0.006">
    <system-out><![CDATA[toString
]]></system-out>
  </testcase>
  <testcase name="testCompareTo" classname="fi.tuni.prog3.junitattainment.AttainmentTest" time="0.0">
    <system-out><![CDATA[compareTo
]]></system-out>
  </testcase>
  <testcase name="testGetCourseCode" classname="fi.tuni.prog3.junitattainment.AttainmentTest" time="0.0">
    <system-out><![CDATA[getCourseCode
]]></system-out>
  </testcase>
  <testcase name="testGetStudentNumber" classname="fi.tuni.prog3.junitattainment.AttainmentTest" time="0.001">
    <system-out><![CDATA[getStudentNumber
]]></system-out>
  </testcase>
</testsuite>